[1.454s] Invoking command in '/home/rpi/rc_maze/build/UART_comm': DEBUGINFOD_URLS=https://debuginfod.ubuntu.com PYTHONPATH=/home/rpi/rc_maze/build/UART_comm/prefix_override:/usr/lib/python3/dist-packages/colcon_core/task/python/colcon_distutils_commands:/home/rpi/rc_maze/install/UART_comm/lib/python3.12/site-packages:${PYTHONPATH} /usr/bin/python3 -W ignore:setup.py install is deprecated -W ignore:easy_install command is deprecated setup.py develop --editable --build-directory /home/rpi/rc_maze/build/UART_comm/build --no-deps symlink_data
[1.909s] running develop
[2.189s] running egg_info
[2.190s] creating UART_comm.egg-info
[2.217s] writing UART_comm.egg-info/PKG-INFO
[2.217s] writing dependency_links to UART_comm.egg-info/dependency_links.txt
[2.218s] writing entry points to UART_comm.egg-info/entry_points.txt
[2.218s] writing requirements to UART_comm.egg-info/requires.txt
[2.218s] writing top-level names to UART_comm.egg-info/top_level.txt
[2.218s] writing manifest file 'UART_comm.egg-info/SOURCES.txt'
[2.273s] reading manifest file 'UART_comm.egg-info/SOURCES.txt'
[2.274s] writing manifest file 'UART_comm.egg-info/SOURCES.txt'
[2.303s] running build_ext
[2.304s] Creating /home/rpi/rc_maze/install/UART_comm/lib/python3.12/site-packages/UART-comm.egg-link (link to .)
[2.304s] Installing uart_node script to /home/rpi/rc_maze/install/UART_comm/lib/UART_comm
[2.305s] 
[2.305s] Installed /home/rpi/rc_maze/build/UART_comm
[2.305s] running symlink_data
[2.305s] creating /home/rpi/rc_maze/install/UART_comm/share/ament_index
[2.305s] creating /home/rpi/rc_maze/install/UART_comm/share/ament_index/resource_index
[2.306s] creating /home/rpi/rc_maze/install/UART_comm/share/ament_index/resource_index/packages
[2.306s] symbolically linking /home/rpi/rc_maze/build/UART_comm/resource/UART_comm -> /home/rpi/rc_maze/install/UART_comm/share/ament_index/resource_index/packages
[2.306s] symbolically linking /home/rpi/rc_maze/build/UART_comm/package.xml -> /home/rpi/rc_maze/install/UART_comm/share/UART_comm
[2.395s] Invoked command in '/home/rpi/rc_maze/build/UART_comm' returned '0': DEBUGINFOD_URLS=https://debuginfod.ubuntu.com PYTHONPATH=/home/rpi/rc_maze/build/UART_comm/prefix_override:/usr/lib/python3/dist-packages/colcon_core/task/python/colcon_distutils_commands:/home/rpi/rc_maze/install/UART_comm/lib/python3.12/site-packages:${PYTHONPATH} /usr/bin/python3 -W ignore:setup.py install is deprecated -W ignore:easy_install command is deprecated setup.py develop --editable --build-directory /home/rpi/rc_maze/build/UART_comm/build --no-deps symlink_data
