[1.217s] Invoking command in '/home/rpi/rc_maze/build/tof_sensors': DEBUGINFOD_URLS=https://debuginfod.ubuntu.com PYTHONPATH=/home/rpi/rc_maze/build/tof_sensors/prefix_override:/usr/lib/python3/dist-packages/colcon_core/task/python/colcon_distutils_commands:/home/rpi/rc_maze/install/tof_sensors/lib/python3.12/site-packages:${PYTHONPATH} /usr/bin/python3 -W ignore:setup.py install is deprecated -W ignore:easy_install command is deprecated setup.py develop --uninstall --editable --build-directory /home/rpi/rc_maze/build/tof_sensors/build
[1.643s] running develop
[1.935s] Removing /home/rpi/rc_maze/install/tof_sensors/lib/python3.12/site-packages/tof-sensors.egg-link (link to .)
[2.023s] Invoked command in '/home/rpi/rc_maze/build/tof_sensors' returned '0': DEBUGINFOD_URLS=https://debuginfod.ubuntu.com PYTHONPATH=/home/rpi/rc_maze/build/tof_sensors/prefix_override:/usr/lib/python3/dist-packages/colcon_core/task/python/colcon_distutils_commands:/home/rpi/rc_maze/install/tof_sensors/lib/python3.12/site-packages:${PYTHONPATH} /usr/bin/python3 -W ignore:setup.py install is deprecated -W ignore:easy_install command is deprecated setup.py develop --uninstall --editable --build-directory /home/rpi/rc_maze/build/tof_sensors/build
[2.025s] Invoking command in '/home/rpi/rc_maze/src/tof_sensors': DEBUGINFOD_URLS=https://debuginfod.ubuntu.com PYTHONPATH=/home/rpi/rc_maze/build/tof_sensors/prefix_override:/usr/lib/python3/dist-packages/colcon_core/task/python/colcon_distutils_commands:/home/rpi/rc_maze/install/tof_sensors/lib/python3.12/site-packages:${PYTHONPATH} /usr/bin/python3 -W ignore:setup.py install is deprecated -W ignore:easy_install command is deprecated setup.py egg_info --egg-base ../../build/tof_sensors build --build-base /home/rpi/rc_maze/build/tof_sensors/build install --record /home/rpi/rc_maze/build/tof_sensors/install.log --single-version-externally-managed install_data --force
[2.398s] running egg_info
[2.425s] writing ../../build/tof_sensors/tof_sensors.egg-info/PKG-INFO
[2.426s] writing dependency_links to ../../build/tof_sensors/tof_sensors.egg-info/dependency_links.txt
[2.428s] writing entry points to ../../build/tof_sensors/tof_sensors.egg-info/entry_points.txt
[2.428s] writing requirements to ../../build/tof_sensors/tof_sensors.egg-info/requires.txt
[2.430s] writing top-level names to ../../build/tof_sensors/tof_sensors.egg-info/top_level.txt
[2.487s] reading manifest file '../../build/tof_sensors/tof_sensors.egg-info/SOURCES.txt'
[2.487s] adding license file 'LICENSE'
[2.488s] writing manifest file '../../build/tof_sensors/tof_sensors.egg-info/SOURCES.txt'
[2.488s] running build
[2.488s] running build_py
[2.489s] copying tof_sensors/read_sensors.py -> /home/rpi/rc_maze/build/tof_sensors/build/lib/tof_sensors
[2.489s] running install
[2.498s] running install_lib
[2.526s] creating /home/rpi/rc_maze/install/tof_sensors/lib/python3.12/site-packages/tof_sensors
[2.526s] copying /home/rpi/rc_maze/build/tof_sensors/build/lib/tof_sensors/__init__.py -> /home/rpi/rc_maze/install/tof_sensors/lib/python3.12/site-packages/tof_sensors
[2.526s] copying /home/rpi/rc_maze/build/tof_sensors/build/lib/tof_sensors/read_sensors.py -> /home/rpi/rc_maze/install/tof_sensors/lib/python3.12/site-packages/tof_sensors
[2.527s] byte-compiling /home/rpi/rc_maze/install/tof_sensors/lib/python3.12/site-packages/tof_sensors/__init__.py to __init__.cpython-312.pyc
[2.527s] byte-compiling /home/rpi/rc_maze/install/tof_sensors/lib/python3.12/site-packages/tof_sensors/read_sensors.py to read_sensors.cpython-312.pyc
[2.528s] running install_data
[2.528s] copying resource/tof_sensors -> /home/rpi/rc_maze/install/tof_sensors/share/ament_index/resource_index/packages
[2.529s] copying package.xml -> /home/rpi/rc_maze/install/tof_sensors/share/tof_sensors
[2.529s] running install_egg_info
[2.559s] Copying ../../build/tof_sensors/tof_sensors.egg-info to /home/rpi/rc_maze/install/tof_sensors/lib/python3.12/site-packages/tof_sensors-0.0.0-py3.12.egg-info
[2.560s] running install_scripts
[2.748s] Installing tof_node script to /home/rpi/rc_maze/install/tof_sensors/lib/tof_sensors
[2.749s] writing list of installed files to '/home/rpi/rc_maze/build/tof_sensors/install.log'
[2.830s] Invoked command in '/home/rpi/rc_maze/src/tof_sensors' returned '0': DEBUGINFOD_URLS=https://debuginfod.ubuntu.com PYTHONPATH=/home/rpi/rc_maze/build/tof_sensors/prefix_override:/usr/lib/python3/dist-packages/colcon_core/task/python/colcon_distutils_commands:/home/rpi/rc_maze/install/tof_sensors/lib/python3.12/site-packages:${PYTHONPATH} /usr/bin/python3 -W ignore:setup.py install is deprecated -W ignore:easy_install command is deprecated setup.py egg_info --egg-base ../../build/tof_sensors build --build-base /home/rpi/rc_maze/build/tof_sensors/build install --record /home/rpi/rc_maze/build/tof_sensors/install.log --single-version-externally-managed install_data --force
