[0.307s] DEBUG:colcon:Command line arguments: ['/usr/bin/colcon', 'build', '--packages-select', 'uart_comm']
[0.307s] DEBUG:colcon:Parsed command line arguments: Namespace(log_base=None, log_level=None, verb_name='build', build_base='build', install_base='install', merge_install=False, symlink_install=False, test_result_base=None, continue_on_error=False, executor='parallel', parallel_workers=4, event_handlers=None, ignore_user_meta=False, metas=['./colcon.meta'], base_paths=['.'], packages_ignore=None, packages_ignore_regex=None, paths=None, packages_up_to=None, packages_up_to_regex=None, packages_above=None, packages_above_and_dependencies=None, packages_above_depth=None, packages_select_by_dep=None, packages_skip_by_dep=None, packages_skip_up_to=None, packages_select_build_failed=False, packages_skip_build_finished=False, packages_select_test_failures=False, packages_skip_test_passed=False, packages_select=['uart_comm'], packages_skip=None, packages_select_regex=None, packages_skip_regex=None, packages_start=None, packages_end=None, allow_overriding=[], cmake_args=None, cmake_target=None, cmake_target_skip_unavailable=False, cmake_clean_cache=False, cmake_clean_first=False, cmake_force_configure=False, ament_cmake_args=None, catkin_cmake_args=None, catkin_skip_building_tests=False, mixin_files=None, mixin=None, verb_parser=<colcon_mixin.mixin.mixin_argument.MixinArgumentDecorator object at 0xffff80d25520>, verb_extension=<colcon_core.verb.build.BuildVerb object at 0xffff80edd400>, main=<bound method BuildVerb.main of <colcon_core.verb.build.BuildVerb object at 0xffff80edd400>>, mixin_verb=('build',))
[0.421s] Level 1:colcon.colcon_core.package_discovery:discover_packages(colcon_meta) check parameters
[0.422s] Level 1:colcon.colcon_core.package_discovery:discover_packages(recursive) check parameters
[0.422s] Level 1:colcon.colcon_core.package_discovery:discover_packages(ignore) check parameters
[0.422s] Level 1:colcon.colcon_core.package_discovery:discover_packages(path) check parameters
[0.422s] Level 1:colcon.colcon_core.package_discovery:discover_packages(colcon_meta) discover
[0.422s] Level 1:colcon.colcon_core.package_discovery:discover_packages(recursive) discover
[0.422s] INFO:colcon.colcon_core.package_discovery:Crawling recursively for packages in '/home/rpi/rc_maze'
[0.422s] Level 1:colcon.colcon_core.package_identification:_identify(.) by extensions ['ignore', 'ignore_ament_install']
[0.422s] Level 1:colcon.colcon_core.package_identification:_identify(.) by extension 'ignore'
[0.422s] Level 1:colcon.colcon_core.package_identification:_identify(.) by extension 'ignore_ament_install'
[0.422s] Level 1:colcon.colcon_core.package_identification:_identify(.) by extensions ['colcon_pkg']
[0.422s] Level 1:colcon.colcon_core.package_identification:_identify(.) by extension 'colcon_pkg'
[0.423s] Level 1:colcon.colcon_core.package_identification:_identify(.) by extensions ['colcon_meta']
[0.423s] Level 1:colcon.colcon_core.package_identification:_identify(.) by extension 'colcon_meta'
[0.423s] Level 1:colcon.colcon_core.package_identification:_identify(.) by extensions ['ros']
[0.423s] Level 1:colcon.colcon_core.package_identification:_identify(.) by extension 'ros'
[0.478s] Level 1:colcon.colcon_core.package_identification:_identify(.) by extensions ['cmake', 'python']
[0.479s] Level 1:colcon.colcon_core.package_identification:_identify(.) by extension 'cmake'
[0.479s] Level 1:colcon.colcon_core.package_identification:_identify(.) by extension 'python'
[0.479s] Level 1:colcon.colcon_core.package_identification:_identify(.) by extensions ['python_setup_py']
[0.479s] Level 1:colcon.colcon_core.package_identification:_identify(.) by extension 'python_setup_py'
[0.479s] Level 1:colcon.colcon_core.package_identification:_identify(build) by extensions ['ignore', 'ignore_ament_install']
[0.479s] Level 1:colcon.colcon_core.package_identification:_identify(build) by extension 'ignore'
[0.479s] Level 1:colcon.colcon_core.package_identification:_identify(build) ignored
[0.479s] Level 1:colcon.colcon_core.package_identification:_identify(install) by extensions ['ignore', 'ignore_ament_install']
[0.479s] Level 1:colcon.colcon_core.package_identification:_identify(install) by extension 'ignore'
[0.479s] Level 1:colcon.colcon_core.package_identification:_identify(install) ignored
[0.480s] Level 1:colcon.colcon_core.package_identification:_identify(log) by extensions ['ignore', 'ignore_ament_install']
[0.480s] Level 1:colcon.colcon_core.package_identification:_identify(log) by extension 'ignore'
[0.480s] Level 1:colcon.colcon_core.package_identification:_identify(log) ignored
[0.480s] Level 1:colcon.colcon_core.package_identification:_identify(src) by extensions ['ignore', 'ignore_ament_install']
[0.480s] Level 1:colcon.colcon_core.package_identification:_identify(src) by extension 'ignore'
[0.480s] Level 1:colcon.colcon_core.package_identification:_identify(src) by extension 'ignore_ament_install'
[0.480s] Level 1:colcon.colcon_core.package_identification:_identify(src) by extensions ['colcon_pkg']
[0.480s] Level 1:colcon.colcon_core.package_identification:_identify(src) by extension 'colcon_pkg'
[0.480s] Level 1:colcon.colcon_core.package_identification:_identify(src) by extensions ['colcon_meta']
[0.480s] Level 1:colcon.colcon_core.package_identification:_identify(src) by extension 'colcon_meta'
[0.480s] Level 1:colcon.colcon_core.package_identification:_identify(src) by extensions ['ros']
[0.480s] Level 1:colcon.colcon_core.package_identification:_identify(src) by extension 'ros'
[0.480s] Level 1:colcon.colcon_core.package_identification:_identify(src) by extensions ['cmake', 'python']
[0.480s] Level 1:colcon.colcon_core.package_identification:_identify(src) by extension 'cmake'
[0.481s] Level 1:colcon.colcon_core.package_identification:_identify(src) by extension 'python'
[0.481s] Level 1:colcon.colcon_core.package_identification:_identify(src) by extensions ['python_setup_py']
[0.481s] Level 1:colcon.colcon_core.package_identification:_identify(src) by extension 'python_setup_py'
[0.481s] Level 1:colcon.colcon_core.package_identification:_identify(src/tof_sensors) by extensions ['ignore', 'ignore_ament_install']
[0.481s] Level 1:colcon.colcon_core.package_identification:_identify(src/tof_sensors) by extension 'ignore'
[0.481s] Level 1:colcon.colcon_core.package_identification:_identify(src/tof_sensors) by extension 'ignore_ament_install'
[0.481s] Level 1:colcon.colcon_core.package_identification:_identify(src/tof_sensors) by extensions ['colcon_pkg']
[0.481s] Level 1:colcon.colcon_core.package_identification:_identify(src/tof_sensors) by extension 'colcon_pkg'
[0.481s] Level 1:colcon.colcon_core.package_identification:_identify(src/tof_sensors) by extensions ['colcon_meta']
[0.481s] Level 1:colcon.colcon_core.package_identification:_identify(src/tof_sensors) by extension 'colcon_meta'
[0.481s] Level 1:colcon.colcon_core.package_identification:_identify(src/tof_sensors) by extensions ['ros']
[0.481s] Level 1:colcon.colcon_core.package_identification:_identify(src/tof_sensors) by extension 'ros'
[0.486s] DEBUG:colcon.colcon_core.package_identification:Package 'src/tof_sensors' with type 'ros.ament_python' and name 'tof_sensors'
[0.487s] Level 1:colcon.colcon_core.package_identification:_identify(uart_comm) by extensions ['ignore', 'ignore_ament_install']
[0.487s] Level 1:colcon.colcon_core.package_identification:_identify(uart_comm) by extension 'ignore'
[0.487s] Level 1:colcon.colcon_core.package_identification:_identify(uart_comm) by extension 'ignore_ament_install'
[0.487s] Level 1:colcon.colcon_core.package_identification:_identify(uart_comm) by extensions ['colcon_pkg']
[0.487s] Level 1:colcon.colcon_core.package_identification:_identify(uart_comm) by extension 'colcon_pkg'
[0.487s] Level 1:colcon.colcon_core.package_identification:_identify(uart_comm) by extensions ['colcon_meta']
[0.487s] Level 1:colcon.colcon_core.package_identification:_identify(uart_comm) by extension 'colcon_meta'
[0.487s] Level 1:colcon.colcon_core.package_identification:_identify(uart_comm) by extensions ['ros']
[0.487s] Level 1:colcon.colcon_core.package_identification:_identify(uart_comm) by extension 'ros'
[0.488s] DEBUG:colcon.colcon_core.package_identification:Package 'uart_comm' with type 'ros.ament_python' and name 'uart_comm'
[0.488s] Level 1:colcon.colcon_core.package_discovery:discover_packages(recursive) using defaults
[0.488s] Level 1:colcon.colcon_core.package_discovery:discover_packages(ignore) discover
[0.488s] Level 1:colcon.colcon_core.package_discovery:discover_packages(ignore) using defaults
[0.488s] Level 1:colcon.colcon_core.package_discovery:discover_packages(path) discover
[0.488s] Level 1:colcon.colcon_core.package_discovery:discover_packages(path) using defaults
[0.529s] INFO:colcon.colcon_core.package_selection:Skipping not selected package 'tof_sensors' in 'src/tof_sensors'
[0.530s] Level 1:colcon.colcon_core.package_discovery:discover_packages(prefix_path) check parameters
[0.530s] Level 1:colcon.colcon_core.package_discovery:discover_packages(prefix_path) discover
[0.534s] DEBUG:colcon.colcon_installed_package_information.package_discovery:Found 3 installed packages in /home/rpi/rc_maze/install
[0.537s] DEBUG:colcon.colcon_installed_package_information.package_discovery:Found 341 installed packages in /opt/ros/jazzy
[0.540s] Level 1:colcon.colcon_core.package_discovery:discover_packages(prefix_path) using defaults
[0.615s] Level 5:colcon.colcon_core.verb:set package 'uart_comm' build argument 'cmake_args' from command line to 'None'
[0.615s] Level 5:colcon.colcon_core.verb:set package 'uart_comm' build argument 'cmake_target' from command line to 'None'
[0.615s] Level 5:colcon.colcon_core.verb:set package 'uart_comm' build argument 'cmake_target_skip_unavailable' from command line to 'False'
[0.615s] Level 5:colcon.colcon_core.verb:set package 'uart_comm' build argument 'cmake_clean_cache' from command line to 'False'
[0.615s] Level 5:colcon.colcon_core.verb:set package 'uart_comm' build argument 'cmake_clean_first' from command line to 'False'
[0.615s] Level 5:colcon.colcon_core.verb:set package 'uart_comm' build argument 'cmake_force_configure' from command line to 'False'
[0.615s] Level 5:colcon.colcon_core.verb:set package 'uart_comm' build argument 'ament_cmake_args' from command line to 'None'
[0.615s] Level 5:colcon.colcon_core.verb:set package 'uart_comm' build argument 'catkin_cmake_args' from command line to 'None'
[0.615s] Level 5:colcon.colcon_core.verb:set package 'uart_comm' build argument 'catkin_skip_building_tests' from command line to 'False'
[0.615s] DEBUG:colcon.colcon_core.verb:Building package 'uart_comm' with the following arguments: {'ament_cmake_args': None, 'build_base': '/home/rpi/rc_maze/build/uart_comm', 'catkin_cmake_args': None, 'catkin_skip_building_tests': False, 'cmake_args': None, 'cmake_clean_cache': False, 'cmake_clean_first': False, 'cmake_force_configure': False, 'cmake_target': None, 'cmake_target_skip_unavailable': False, 'install_base': '/home/rpi/rc_maze/install/uart_comm', 'merge_install': False, 'path': '/home/rpi/rc_maze/uart_comm', 'symlink_install': False, 'test_result_base': None}
[0.616s] INFO:colcon.colcon_core.executor:Executing jobs using 'parallel' executor
[0.617s] DEBUG:colcon.colcon_parallel_executor.executor.parallel:run_until_complete
[0.617s] INFO:colcon.colcon_ros.task.ament_python.build:Building ROS package in '/home/rpi/rc_maze/uart_comm' with build type 'ament_python'
[0.617s] Level 1:colcon.colcon_core.shell:create_environment_hook('uart_comm', 'ament_prefix_path')
[0.625s] INFO:colcon.colcon_core.plugin_system:Skipping extension 'colcon_core.shell.bat': Not used on non-Windows systems
[0.625s] INFO:colcon.colcon_core.shell:Creating environment hook '/home/rpi/rc_maze/install/uart_comm/share/uart_comm/hook/ament_prefix_path.ps1'
[0.627s] INFO:colcon.colcon_core.shell:Creating environment descriptor '/home/rpi/rc_maze/install/uart_comm/share/uart_comm/hook/ament_prefix_path.dsv'
[0.628s] INFO:colcon.colcon_core.shell:Creating environment hook '/home/rpi/rc_maze/install/uart_comm/share/uart_comm/hook/ament_prefix_path.sh'
[0.630s] INFO:colcon.colcon_core.shell:Skip shell extension 'powershell' for command environment: Not usable outside of PowerShell
[0.630s] DEBUG:colcon.colcon_core.shell:Skip shell extension 'dsv' for command environment
[0.974s] INFO:colcon.colcon_core.task.python.build:Building Python package in '/home/rpi/rc_maze/uart_comm'
[0.974s] INFO:colcon.colcon_core.shell:Skip shell extension 'powershell' for command environment: Not usable outside of PowerShell
[0.974s] DEBUG:colcon.colcon_core.shell:Skip shell extension 'dsv' for command environment
[2.234s] DEBUG:colcon.colcon_core.event_handler.log_command:Invoking command in '/home/rpi/rc_maze/uart_comm': DEBUGINFOD_URLS=https://debuginfod.ubuntu.com PYTHONPATH=/home/rpi/rc_maze/build/uart_comm/prefix_override:/usr/lib/python3/dist-packages/colcon_core/task/python/colcon_distutils_commands:/home/rpi/rc_maze/install/uart_comm/lib/python3.12/site-packages:${PYTHONPATH} /usr/bin/python3 -W ignore:setup.py install is deprecated -W ignore:easy_install command is deprecated setup.py egg_info --egg-base ../build/uart_comm build --build-base /home/rpi/rc_maze/build/uart_comm/build install --record /home/rpi/rc_maze/build/uart_comm/install.log --single-version-externally-managed install_data
[3.041s] DEBUG:colcon.colcon_core.event_handler.log_command:Invoked command in '/home/rpi/rc_maze/uart_comm' returned '0': DEBUGINFOD_URLS=https://debuginfod.ubuntu.com PYTHONPATH=/home/rpi/rc_maze/build/uart_comm/prefix_override:/usr/lib/python3/dist-packages/colcon_core/task/python/colcon_distutils_commands:/home/rpi/rc_maze/install/uart_comm/lib/python3.12/site-packages:${PYTHONPATH} /usr/bin/python3 -W ignore:setup.py install is deprecated -W ignore:easy_install command is deprecated setup.py egg_info --egg-base ../build/uart_comm build --build-base /home/rpi/rc_maze/build/uart_comm/build install --record /home/rpi/rc_maze/build/uart_comm/install.log --single-version-externally-managed install_data
[3.050s] Level 1:colcon.colcon_core.environment:checking '/home/rpi/rc_maze/install/uart_comm' for CMake module files
[3.051s] Level 1:colcon.colcon_core.environment:checking '/home/rpi/rc_maze/install/uart_comm' for CMake config files
[3.052s] Level 1:colcon.colcon_core.environment:checking '/home/rpi/rc_maze/install/uart_comm/lib'
[3.052s] Level 1:colcon.colcon_core.environment:checking '/home/rpi/rc_maze/install/uart_comm/bin'
[3.052s] Level 1:colcon.colcon_core.environment:checking '/home/rpi/rc_maze/install/uart_comm/lib/pkgconfig/uart_comm.pc'
[3.053s] Level 1:colcon.colcon_core.environment:checking '/home/rpi/rc_maze/install/uart_comm/lib/python3.12/site-packages'
[3.053s] Level 1:colcon.colcon_core.shell:create_environment_hook('uart_comm', 'pythonpath')
[3.053s] INFO:colcon.colcon_core.shell:Creating environment hook '/home/rpi/rc_maze/install/uart_comm/share/uart_comm/hook/pythonpath.ps1'
[3.054s] INFO:colcon.colcon_core.shell:Creating environment descriptor '/home/rpi/rc_maze/install/uart_comm/share/uart_comm/hook/pythonpath.dsv'
[3.055s] INFO:colcon.colcon_core.shell:Creating environment hook '/home/rpi/rc_maze/install/uart_comm/share/uart_comm/hook/pythonpath.sh'
[3.056s] Level 1:colcon.colcon_core.environment:checking '/home/rpi/rc_maze/install/uart_comm/bin'
[3.056s] Level 1:colcon.colcon_core.environment:create_environment_scripts_only(uart_comm)
[3.056s] INFO:colcon.colcon_core.shell:Creating package script '/home/rpi/rc_maze/install/uart_comm/share/uart_comm/package.ps1'
[3.058s] INFO:colcon.colcon_core.shell:Creating package descriptor '/home/rpi/rc_maze/install/uart_comm/share/uart_comm/package.dsv'
[3.060s] INFO:colcon.colcon_core.shell:Creating package script '/home/rpi/rc_maze/install/uart_comm/share/uart_comm/package.sh'
[3.062s] INFO:colcon.colcon_core.shell:Creating package script '/home/rpi/rc_maze/install/uart_comm/share/uart_comm/package.bash'
[3.064s] INFO:colcon.colcon_core.shell:Creating package script '/home/rpi/rc_maze/install/uart_comm/share/uart_comm/package.zsh'
[3.066s] Level 1:colcon.colcon_core.environment:create_file_with_runtime_dependencies(/home/rpi/rc_maze/install/uart_comm/share/colcon-core/packages/uart_comm)
[3.066s] DEBUG:colcon.colcon_parallel_executor.executor.parallel:closing loop
[3.067s] DEBUG:colcon.colcon_parallel_executor.executor.parallel:loop closed
[3.067s] DEBUG:colcon.colcon_parallel_executor.executor.parallel:run_until_complete finished with '0'
[3.067s] DEBUG:colcon.colcon_core.event_reactor:joining thread
[3.077s] INFO:colcon.colcon_core.plugin_system:Skipping extension 'colcon_notification.desktop_notification.terminal_notifier': Not used on non-Darwin systems
[3.078s] INFO:colcon.colcon_core.plugin_system:Skipping extension 'colcon_notification.desktop_notification.win32': Not used on non-Windows systems
[3.078s] INFO:colcon.colcon_notification.desktop_notification:Sending desktop notification using 'notify2'
[3.098s] DEBUG:colcon.colcon_core.event_reactor:joined thread
[3.098s] INFO:colcon.colcon_core.shell:Creating prefix script '/home/rpi/rc_maze/install/local_setup.ps1'
[3.100s] INFO:colcon.colcon_core.shell:Creating prefix util module '/home/rpi/rc_maze/install/_local_setup_util_ps1.py'
[3.102s] INFO:colcon.colcon_core.shell:Creating prefix chain script '/home/rpi/rc_maze/install/setup.ps1'
[3.105s] INFO:colcon.colcon_core.shell:Creating prefix script '/home/rpi/rc_maze/install/local_setup.sh'
[3.106s] INFO:colcon.colcon_core.shell:Creating prefix util module '/home/rpi/rc_maze/install/_local_setup_util_sh.py'
[3.107s] INFO:colcon.colcon_core.shell:Creating prefix chain script '/home/rpi/rc_maze/install/setup.sh'
[3.109s] INFO:colcon.colcon_core.shell:Creating prefix script '/home/rpi/rc_maze/install/local_setup.bash'
[3.111s] INFO:colcon.colcon_core.shell:Creating prefix chain script '/home/rpi/rc_maze/install/setup.bash'
[3.113s] INFO:colcon.colcon_core.shell:Creating prefix script '/home/rpi/rc_maze/install/local_setup.zsh'
[3.114s] INFO:colcon.colcon_core.shell:Creating prefix chain script '/home/rpi/rc_maze/install/setup.zsh'
