running develop
running egg_info
creating uart_comm.egg-info
writing uart_comm.egg-info/PKG-INFO
writing dependency_links to uart_comm.egg-info/dependency_links.txt
writing entry points to uart_comm.egg-info/entry_points.txt
writing requirements to uart_comm.egg-info/requires.txt
writing top-level names to uart_comm.egg-info/top_level.txt
writing manifest file 'uart_comm.egg-info/SOURCES.txt'
reading manifest file 'uart_comm.egg-info/SOURCES.txt'
writing manifest file 'uart_comm.egg-info/SOURCES.txt'
running build_ext
Creating /home/rpi/rc_maze/install/uart_comm/lib/python3.12/site-packages/uart-comm.egg-link (link to .)
Installing uart_node script to /home/rpi/rc_maze/install/uart_comm/lib/uart_comm

Installed /home/rpi/rc_maze/build/uart_comm
running symlink_data
creating /home/rpi/rc_maze/install/uart_comm/share/ament_index
creating /home/rpi/rc_maze/install/uart_comm/share/ament_index/resource_index
creating /home/rpi/rc_maze/install/uart_comm/share/ament_index/resource_index/packages
symbolically linking /home/rpi/rc_maze/build/uart_comm/resource/uart_comm -> /home/rpi/rc_maze/install/uart_comm/share/ament_index/resource_index/packages
symbolically linking /home/rpi/rc_maze/build/uart_comm/package.xml -> /home/rpi/rc_maze/install/uart_comm/share/uart_comm
