[1.208s] Invoking command in '/home/rpi/rc_maze/build/uart_comm': DEBUGINFOD_URLS=https://debuginfod.ubuntu.com PYTHONPATH=/home/rpi/rc_maze/build/uart_comm/prefix_override:/usr/lib/python3/dist-packages/colcon_core/task/python/colcon_distutils_commands:/home/rpi/rc_maze/install/uart_comm/lib/python3.12/site-packages:${PYTHONPATH} /usr/bin/python3 -W ignore:setup.py install is deprecated -W ignore:easy_install command is deprecated setup.py develop --editable --build-directory /home/rpi/rc_maze/build/uart_comm/build --no-deps symlink_data
[1.663s] running develop
[1.942s] running egg_info
[1.942s] creating uart_comm.egg-info
[1.969s] writing uart_comm.egg-info/PKG-INFO
[1.970s] writing dependency_links to uart_comm.egg-info/dependency_links.txt
[1.970s] writing entry points to uart_comm.egg-info/entry_points.txt
[1.970s] writing requirements to uart_comm.egg-info/requires.txt
[1.970s] writing top-level names to uart_comm.egg-info/top_level.txt
[1.970s] writing manifest file 'uart_comm.egg-info/SOURCES.txt'
[2.024s] reading manifest file 'uart_comm.egg-info/SOURCES.txt'
[2.025s] writing manifest file 'uart_comm.egg-info/SOURCES.txt'
[2.053s] running build_ext
[2.053s] Creating /home/rpi/rc_maze/install/uart_comm/lib/python3.12/site-packages/uart-comm.egg-link (link to .)
[2.054s] Installing uart_node script to /home/rpi/rc_maze/install/uart_comm/lib/uart_comm
[2.055s] 
[2.055s] Installed /home/rpi/rc_maze/build/uart_comm
[2.055s] running symlink_data
[2.055s] creating /home/rpi/rc_maze/install/uart_comm/share/ament_index
[2.055s] creating /home/rpi/rc_maze/install/uart_comm/share/ament_index/resource_index
[2.055s] creating /home/rpi/rc_maze/install/uart_comm/share/ament_index/resource_index/packages
[2.055s] symbolically linking /home/rpi/rc_maze/build/uart_comm/resource/uart_comm -> /home/rpi/rc_maze/install/uart_comm/share/ament_index/resource_index/packages
[2.055s] symbolically linking /home/rpi/rc_maze/build/uart_comm/package.xml -> /home/rpi/rc_maze/install/uart_comm/share/uart_comm
[2.146s] Invoked command in '/home/rpi/rc_maze/build/uart_comm' returned '0': DEBUGINFOD_URLS=https://debuginfod.ubuntu.com PYTHONPATH=/home/rpi/rc_maze/build/uart_comm/prefix_override:/usr/lib/python3/dist-packages/colcon_core/task/python/colcon_distutils_commands:/home/rpi/rc_maze/install/uart_comm/lib/python3.12/site-packages:${PYTHONPATH} /usr/bin/python3 -W ignore:setup.py install is deprecated -W ignore:easy_install command is deprecated setup.py develop --editable --build-directory /home/rpi/rc_maze/build/uart_comm/build --no-deps symlink_data
