running develop
Removing /home/rpi/rc_maze/install/uart_comm/lib/python3.12/site-packages/uart-comm.egg-link (link to .)
running egg_info
writing ../build/uart_comm/uart_comm.egg-info/PKG-INFO
writing dependency_links to ../build/uart_comm/uart_comm.egg-info/dependency_links.txt
writing entry points to ../build/uart_comm/uart_comm.egg-info/entry_points.txt
writing requirements to ../build/uart_comm/uart_comm.egg-info/requires.txt
writing top-level names to ../build/uart_comm/uart_comm.egg-info/top_level.txt
reading manifest file '../build/uart_comm/uart_comm.egg-info/SOURCES.txt'
adding license file 'LICENSE'
writing manifest file '../build/uart_comm/uart_comm.egg-info/SOURCES.txt'
running build
running build_py
creating /home/rpi/rc_maze/build/uart_comm/build
creating /home/rpi/rc_maze/build/uart_comm/build/lib
creating /home/rpi/rc_maze/build/uart_comm/build/lib/uart_comm
copying uart_comm/__init__.py -> /home/rpi/rc_maze/build/uart_comm/build/lib/uart_comm
copying uart_comm/uart.py -> /home/rpi/rc_maze/build/uart_comm/build/lib/uart_comm
running install
running install_lib
creating /home/rpi/rc_maze/install/uart_comm/lib/python3.12/site-packages/uart_comm
copying /home/rpi/rc_maze/build/uart_comm/build/lib/uart_comm/__init__.py -> /home/rpi/rc_maze/install/uart_comm/lib/python3.12/site-packages/uart_comm
copying /home/rpi/rc_maze/build/uart_comm/build/lib/uart_comm/uart.py -> /home/rpi/rc_maze/install/uart_comm/lib/python3.12/site-packages/uart_comm
byte-compiling /home/rpi/rc_maze/install/uart_comm/lib/python3.12/site-packages/uart_comm/__init__.py to __init__.cpython-312.pyc
byte-compiling /home/rpi/rc_maze/install/uart_comm/lib/python3.12/site-packages/uart_comm/uart.py to uart.cpython-312.pyc
running install_data
copying resource/uart_comm -> /home/rpi/rc_maze/install/uart_comm/share/ament_index/resource_index/packages
copying package.xml -> /home/rpi/rc_maze/install/uart_comm/share/uart_comm
running install_egg_info
Copying ../build/uart_comm/uart_comm.egg-info to /home/rpi/rc_maze/install/uart_comm/lib/python3.12/site-packages/uart_comm-0.0.0-py3.12.egg-info
running install_scripts
Installing uart_node script to /home/rpi/rc_maze/install/uart_comm/lib/uart_comm
writing list of installed files to '/home/rpi/rc_maze/build/uart_comm/install.log'
