running egg_info
creating ../../build/tof_sensors/tof_sensors.egg-info
writing ../../build/tof_sensors/tof_sensors.egg-info/PKG-INFO
writing dependency_links to ../../build/tof_sensors/tof_sensors.egg-info/dependency_links.txt
writing entry points to ../../build/tof_sensors/tof_sensors.egg-info/entry_points.txt
writing requirements to ../../build/tof_sensors/tof_sensors.egg-info/requires.txt
writing top-level names to ../../build/tof_sensors/tof_sensors.egg-info/top_level.txt
writing manifest file '../../build/tof_sensors/tof_sensors.egg-info/SOURCES.txt'
reading manifest file '../../build/tof_sensors/tof_sensors.egg-info/SOURCES.txt'
adding license file 'LICENSE'
writing manifest file '../../build/tof_sensors/tof_sensors.egg-info/SOURCES.txt'
running build
running build_py
creating /home/rpi/rc_maze/build/tof_sensors/build
creating /home/rpi/rc_maze/build/tof_sensors/build/lib
creating /home/rpi/rc_maze/build/tof_sensors/build/lib/tof_sensors
copying tof_sensors/__init__.py -> /home/rpi/rc_maze/build/tof_sensors/build/lib/tof_sensors
copying tof_sensors/read_sensors.py -> /home/rpi/rc_maze/build/tof_sensors/build/lib/tof_sensors
running install
running install_lib
creating /home/rpi/rc_maze/install/tof_sensors/lib/python3.12/site-packages/tof_sensors
copying /home/rpi/rc_maze/build/tof_sensors/build/lib/tof_sensors/__init__.py -> /home/rpi/rc_maze/install/tof_sensors/lib/python3.12/site-packages/tof_sensors
copying /home/rpi/rc_maze/build/tof_sensors/build/lib/tof_sensors/read_sensors.py -> /home/rpi/rc_maze/install/tof_sensors/lib/python3.12/site-packages/tof_sensors
byte-compiling /home/rpi/rc_maze/install/tof_sensors/lib/python3.12/site-packages/tof_sensors/__init__.py to __init__.cpython-312.pyc
byte-compiling /home/rpi/rc_maze/install/tof_sensors/lib/python3.12/site-packages/tof_sensors/read_sensors.py to read_sensors.cpython-312.pyc
running install_data
creating /home/rpi/rc_maze/install/tof_sensors/share/ament_index
creating /home/rpi/rc_maze/install/tof_sensors/share/ament_index/resource_index
creating /home/rpi/rc_maze/install/tof_sensors/share/ament_index/resource_index/packages
copying resource/tof_sensors -> /home/rpi/rc_maze/install/tof_sensors/share/ament_index/resource_index/packages
copying package.xml -> /home/rpi/rc_maze/install/tof_sensors/share/tof_sensors
running install_egg_info
Copying ../../build/tof_sensors/tof_sensors.egg-info to /home/rpi/rc_maze/install/tof_sensors/lib/python3.12/site-packages/tof_sensors-0.0.0-py3.12.egg-info
running install_scripts
Installing tof_node script to /home/rpi/rc_maze/install/tof_sensors/lib/tof_sensors
writing list of installed files to '/home/rpi/rc_maze/build/tof_sensors/install.log'
