running egg_info
writing ../../build/tof_sensors/tof_sensors.egg-info/PKG-INFO
writing dependency_links to ../../build/tof_sensors/tof_sensors.egg-info/dependency_links.txt
writing entry points to ../../build/tof_sensors/tof_sensors.egg-info/entry_points.txt
writing requirements to ../../build/tof_sensors/tof_sensors.egg-info/requires.txt
writing top-level names to ../../build/tof_sensors/tof_sensors.egg-info/top_level.txt
reading manifest file '../../build/tof_sensors/tof_sensors.egg-info/SOURCES.txt'
adding license file 'LICENSE'
writing manifest file '../../build/tof_sensors/tof_sensors.egg-info/SOURCES.txt'
running build
running build_py
copying tof_sensors/read_sensors.py -> /home/rpi/rc_maze/build/tof_sensors/build/lib/tof_sensors
running install
running install_lib
copying /home/rpi/rc_maze/build/tof_sensors/build/lib/tof_sensors/read_sensors.py -> /home/rpi/rc_maze/install/tof_sensors/lib/python3.12/site-packages/tof_sensors
byte-compiling /home/rpi/rc_maze/install/tof_sensors/lib/python3.12/site-packages/tof_sensors/read_sensors.py to read_sensors.cpython-312.pyc
running install_data
running install_egg_info
removing '/home/rpi/rc_maze/install/tof_sensors/lib/python3.12/site-packages/tof_sensors-0.0.0-py3.12.egg-info' (and everything under it)
Copying ../../build/tof_sensors/tof_sensors.egg-info to /home/rpi/rc_maze/install/tof_sensors/lib/python3.12/site-packages/tof_sensors-0.0.0-py3.12.egg-info
running install_scripts
Installing tof_node script to /home/rpi/rc_maze/install/tof_sensors/lib/tof_sensors
writing list of installed files to '/home/rpi/rc_maze/build/tof_sensors/install.log'
