[1.218s] Invoking command in '/home/rpi/rc_maze/src/tof_sensors': DEBUGINFOD_URLS=https://debuginfod.ubuntu.com PYTHONPATH=/home/rpi/rc_maze/build/tof_sensors/prefix_override:/usr/lib/python3/dist-packages/colcon_core/task/python/colcon_distutils_commands:/home/rpi/rc_maze/install/tof_sensors/lib/python3.12/site-packages:${PYTHONPATH} /usr/bin/python3 -W ignore:setup.py install is deprecated -W ignore:easy_install command is deprecated setup.py egg_info --egg-base ../../build/tof_sensors build --build-base /home/rpi/rc_maze/build/tof_sensors/build install --record /home/rpi/rc_maze/build/tof_sensors/install.log --single-version-externally-managed install_data
[1.595s] running egg_info
[1.622s] writing ../../build/tof_sensors/tof_sensors.egg-info/PKG-INFO
[1.622s] writing dependency_links to ../../build/tof_sensors/tof_sensors.egg-info/dependency_links.txt
[1.624s] writing entry points to ../../build/tof_sensors/tof_sensors.egg-info/entry_points.txt
[1.625s] writing requirements to ../../build/tof_sensors/tof_sensors.egg-info/requires.txt
[1.625s] writing top-level names to ../../build/tof_sensors/tof_sensors.egg-info/top_level.txt
[1.684s] reading manifest file '../../build/tof_sensors/tof_sensors.egg-info/SOURCES.txt'
[1.684s] adding license file 'LICENSE'
[1.685s] writing manifest file '../../build/tof_sensors/tof_sensors.egg-info/SOURCES.txt'
[1.685s] running build
[1.685s] running build_py
[1.685s] copying tof_sensors/read_sensors.py -> /home/rpi/rc_maze/build/tof_sensors/build/lib/tof_sensors
[1.685s] running install
[1.695s] running install_lib
[1.723s] copying /home/rpi/rc_maze/build/tof_sensors/build/lib/tof_sensors/read_sensors.py -> /home/rpi/rc_maze/install/tof_sensors/lib/python3.12/site-packages/tof_sensors
[1.723s] byte-compiling /home/rpi/rc_maze/install/tof_sensors/lib/python3.12/site-packages/tof_sensors/read_sensors.py to read_sensors.cpython-312.pyc
[1.725s] running install_data
[1.725s] running install_egg_info
[1.755s] removing '/home/rpi/rc_maze/install/tof_sensors/lib/python3.12/site-packages/tof_sensors-0.0.0-py3.12.egg-info' (and everything under it)
[1.755s] Copying ../../build/tof_sensors/tof_sensors.egg-info to /home/rpi/rc_maze/install/tof_sensors/lib/python3.12/site-packages/tof_sensors-0.0.0-py3.12.egg-info
[1.756s] running install_scripts
[1.945s] Installing tof_node script to /home/rpi/rc_maze/install/tof_sensors/lib/tof_sensors
[1.945s] writing list of installed files to '/home/rpi/rc_maze/build/tof_sensors/install.log'
[2.026s] Invoked command in '/home/rpi/rc_maze/src/tof_sensors' returned '0': DEBUGINFOD_URLS=https://debuginfod.ubuntu.com PYTHONPATH=/home/rpi/rc_maze/build/tof_sensors/prefix_override:/usr/lib/python3/dist-packages/colcon_core/task/python/colcon_distutils_commands:/home/rpi/rc_maze/install/tof_sensors/lib/python3.12/site-packages:${PYTHONPATH} /usr/bin/python3 -W ignore:setup.py install is deprecated -W ignore:easy_install command is deprecated setup.py egg_info --egg-base ../../build/tof_sensors build --build-base /home/rpi/rc_maze/build/tof_sensors/build install --record /home/rpi/rc_maze/build/tof_sensors/install.log --single-version-externally-managed install_data
